Document: ID=input.txt (21 sentences, 346 tokens)

Sentence #1 (14 tokens):
Over a distant , barren planet , a solitary silver sphere floated endlessly .

Tokens:
[Text=Over CharacterOffsetBegin=0 CharacterOffsetEnd=4]
[Text=a CharacterOffsetBegin=5 CharacterOffsetEnd=6]
[Text=distant CharacterOffsetBegin=7 CharacterOffsetEnd=14]
[Text=, CharacterOffsetBegin=15 CharacterOffsetEnd=16]
[Text=barren CharacterOffsetBegin=17 CharacterOffsetEnd=23]
[Text=planet CharacterOffsetBegin=24 CharacterOffsetEnd=30]
[Text=, CharacterOffsetBegin=31 CharacterOffsetEnd=32]
[Text=a CharacterOffsetBegin=33 CharacterOffsetEnd=34]
[Text=solitary CharacterOffsetBegin=35 CharacterOffsetEnd=43]
[Text=silver CharacterOffsetBegin=44 CharacterOffsetEnd=50]
[Text=sphere CharacterOffsetBegin=51 CharacterOffsetEnd=57]
[Text=floated CharacterOffsetBegin=58 CharacterOffsetEnd=65]
[Text=endlessly CharacterOffsetBegin=66 CharacterOffsetEnd=75]
[Text=. CharacterOffsetBegin=76 CharacterOffsetEnd=77]

Sentence #2 (20 tokens):
It had slept for millions of years , waiting for a specific signal from the hordes of nanomachines beneath .

Tokens:
[Text=It CharacterOffsetBegin=78 CharacterOffsetEnd=80]
[Text=had CharacterOffsetBegin=81 CharacterOffsetEnd=84]
[Text=slept CharacterOffsetBegin=85 CharacterOffsetEnd=90]
[Text=for CharacterOffsetBegin=91 CharacterOffsetEnd=94]
[Text=millions CharacterOffsetBegin=95 CharacterOffsetEnd=103]
[Text=of CharacterOffsetBegin=104 CharacterOffsetEnd=106]
[Text=years CharacterOffsetBegin=107 CharacterOffsetEnd=112]
[Text=, CharacterOffsetBegin=113 CharacterOffsetEnd=114]
[Text=waiting CharacterOffsetBegin=115 CharacterOffsetEnd=122]
[Text=for CharacterOffsetBegin=123 CharacterOffsetEnd=126]
[Text=a CharacterOffsetBegin=127 CharacterOffsetEnd=128]
[Text=specific CharacterOffsetBegin=129 CharacterOffsetEnd=137]
[Text=signal CharacterOffsetBegin=138 CharacterOffsetEnd=144]
[Text=from CharacterOffsetBegin=145 CharacterOffsetEnd=149]
[Text=the CharacterOffsetBegin=150 CharacterOffsetEnd=153]
[Text=hordes CharacterOffsetBegin=154 CharacterOffsetEnd=160]
[Text=of CharacterOffsetBegin=161 CharacterOffsetEnd=163]
[Text=nanomachines CharacterOffsetBegin=164 CharacterOffsetEnd=176]
[Text=beneath CharacterOffsetBegin=177 CharacterOffsetEnd=184]
[Text=. CharacterOffsetBegin=185 CharacterOffsetEnd=186]

Sentence #3 (7 tokens):
But nothing of note had come .

Tokens:
[Text=But CharacterOffsetBegin=187 CharacterOffsetEnd=190]
[Text=nothing CharacterOffsetBegin=191 CharacterOffsetEnd=198]
[Text=of CharacterOffsetBegin=199 CharacterOffsetEnd=201]
[Text=note CharacterOffsetBegin=202 CharacterOffsetEnd=206]
[Text=had CharacterOffsetBegin=207 CharacterOffsetEnd=210]
[Text=come CharacterOffsetBegin=211 CharacterOffsetEnd=215]
[Text=. CharacterOffsetBegin=216 CharacterOffsetEnd=217]

Sentence #4 (4 tokens):
Not until today .

Tokens:
[Text=Not CharacterOffsetBegin=218 CharacterOffsetEnd=221]
[Text=until CharacterOffsetBegin=222 CharacterOffsetEnd=227]
[Text=today CharacterOffsetBegin=228 CharacterOffsetEnd=233]
[Text=. CharacterOffsetBegin=234 CharacterOffsetEnd=235]

Sentence #5 (16 tokens):
Lightning had struck the surface of the dark waters of the planet 's largest ocean .

Tokens:
[Text=Lightning CharacterOffsetBegin=239 CharacterOffsetEnd=248]
[Text=had CharacterOffsetBegin=249 CharacterOffsetEnd=252]
[Text=struck CharacterOffsetBegin=253 CharacterOffsetEnd=259]
[Text=the CharacterOffsetBegin=260 CharacterOffsetEnd=263]
[Text=surface CharacterOffsetBegin=264 CharacterOffsetEnd=271]
[Text=of CharacterOffsetBegin=272 CharacterOffsetEnd=274]
[Text=the CharacterOffsetBegin=275 CharacterOffsetEnd=278]
[Text=dark CharacterOffsetBegin=279 CharacterOffsetEnd=283]
[Text=waters CharacterOffsetBegin=284 CharacterOffsetEnd=290]
[Text=of CharacterOffsetBegin=291 CharacterOffsetEnd=293]
[Text=the CharacterOffsetBegin=294 CharacterOffsetEnd=297]
[Text=planet CharacterOffsetBegin=298 CharacterOffsetEnd=304]
[Text='s CharacterOffsetBegin=305 CharacterOffsetEnd=307]
[Text=largest CharacterOffsetBegin=308 CharacterOffsetEnd=315]
[Text=ocean CharacterOffsetBegin=316 CharacterOffsetEnd=321]
[Text=. CharacterOffsetBegin=322 CharacterOffsetEnd=323]

Sentence #6 (27 tokens):
This was hardly noteworthy on its own , but this planet was designated high - risk due to the unique chemical compositions found within its waters .

Tokens:
[Text=This CharacterOffsetBegin=324 CharacterOffsetEnd=328]
[Text=was CharacterOffsetBegin=329 CharacterOffsetEnd=332]
[Text=hardly CharacterOffsetBegin=333 CharacterOffsetEnd=339]
[Text=noteworthy CharacterOffsetBegin=340 CharacterOffsetEnd=350]
[Text=on CharacterOffsetBegin=351 CharacterOffsetEnd=353]
[Text=its CharacterOffsetBegin=354 CharacterOffsetEnd=357]
[Text=own CharacterOffsetBegin=358 CharacterOffsetEnd=361]
[Text=, CharacterOffsetBegin=362 CharacterOffsetEnd=363]
[Text=but CharacterOffsetBegin=364 CharacterOffsetEnd=367]
[Text=this CharacterOffsetBegin=368 CharacterOffsetEnd=372]
[Text=planet CharacterOffsetBegin=373 CharacterOffsetEnd=379]
[Text=was CharacterOffsetBegin=380 CharacterOffsetEnd=383]
[Text=designated CharacterOffsetBegin=384 CharacterOffsetEnd=394]
[Text=high CharacterOffsetBegin=395 CharacterOffsetEnd=399]
[Text=- CharacterOffsetBegin=400 CharacterOffsetEnd=401]
[Text=risk CharacterOffsetBegin=402 CharacterOffsetEnd=406]
[Text=due CharacterOffsetBegin=407 CharacterOffsetEnd=410]
[Text=to CharacterOffsetBegin=411 CharacterOffsetEnd=413]
[Text=the CharacterOffsetBegin=414 CharacterOffsetEnd=417]
[Text=unique CharacterOffsetBegin=418 CharacterOffsetEnd=424]
[Text=chemical CharacterOffsetBegin=425 CharacterOffsetEnd=433]
[Text=compositions CharacterOffsetBegin=434 CharacterOffsetEnd=446]
[Text=found CharacterOffsetBegin=447 CharacterOffsetEnd=452]
[Text=within CharacterOffsetBegin=453 CharacterOffsetEnd=459]
[Text=its CharacterOffsetBegin=460 CharacterOffsetEnd=463]
[Text=waters CharacterOffsetBegin=464 CharacterOffsetEnd=470]
[Text=. CharacterOffsetBegin=471 CharacterOffsetEnd=472]

Sentence #7 (21 tokens):
The nanobots had investigated promptly and thouroughly , and had found a disturbing pattern in one area of the water .

Tokens:
[Text=The CharacterOffsetBegin=473 CharacterOffsetEnd=476]
[Text=nanobots CharacterOffsetBegin=477 CharacterOffsetEnd=485]
[Text=had CharacterOffsetBegin=486 CharacterOffsetEnd=489]
[Text=investigated CharacterOffsetBegin=490 CharacterOffsetEnd=502]
[Text=promptly CharacterOffsetBegin=503 CharacterOffsetEnd=511]
[Text=and CharacterOffsetBegin=512 CharacterOffsetEnd=515]
[Text=thouroughly CharacterOffsetBegin=516 CharacterOffsetEnd=527]
[Text=, CharacterOffsetBegin=528 CharacterOffsetEnd=529]
[Text=and CharacterOffsetBegin=530 CharacterOffsetEnd=533]
[Text=had CharacterOffsetBegin=534 CharacterOffsetEnd=537]
[Text=found CharacterOffsetBegin=538 CharacterOffsetEnd=543]
[Text=a CharacterOffsetBegin=544 CharacterOffsetEnd=545]
[Text=disturbing CharacterOffsetBegin=546 CharacterOffsetEnd=556]
[Text=pattern CharacterOffsetBegin=557 CharacterOffsetEnd=564]
[Text=in CharacterOffsetBegin=565 CharacterOffsetEnd=567]
[Text=one CharacterOffsetBegin=568 CharacterOffsetEnd=571]
[Text=area CharacterOffsetBegin=572 CharacterOffsetEnd=576]
[Text=of CharacterOffsetBegin=577 CharacterOffsetEnd=579]
[Text=the CharacterOffsetBegin=580 CharacterOffsetEnd=583]
[Text=water CharacterOffsetBegin=584 CharacterOffsetEnd=589]
[Text=. CharacterOffsetBegin=590 CharacterOffsetEnd=591]

Sentence #8 (16 tokens):
As the data from this observation reached the sphere , it woke from its slumber .

Tokens:
[Text=As CharacterOffsetBegin=595 CharacterOffsetEnd=597]
[Text=the CharacterOffsetBegin=598 CharacterOffsetEnd=601]
[Text=data CharacterOffsetBegin=602 CharacterOffsetEnd=606]
[Text=from CharacterOffsetBegin=607 CharacterOffsetEnd=611]
[Text=this CharacterOffsetBegin=612 CharacterOffsetEnd=616]
[Text=observation CharacterOffsetBegin=617 CharacterOffsetEnd=628]
[Text=reached CharacterOffsetBegin=629 CharacterOffsetEnd=636]
[Text=the CharacterOffsetBegin=637 CharacterOffsetEnd=640]
[Text=sphere CharacterOffsetBegin=641 CharacterOffsetEnd=647]
[Text=, CharacterOffsetBegin=648 CharacterOffsetEnd=649]
[Text=it CharacterOffsetBegin=650 CharacterOffsetEnd=652]
[Text=woke CharacterOffsetBegin=653 CharacterOffsetEnd=657]
[Text=from CharacterOffsetBegin=658 CharacterOffsetEnd=662]
[Text=its CharacterOffsetBegin=663 CharacterOffsetEnd=666]
[Text=slumber CharacterOffsetBegin=667 CharacterOffsetEnd=674]
[Text=. CharacterOffsetBegin=675 CharacterOffsetEnd=676]

Sentence #9 (29 tokens):
As it analyzed the pattern within , looking for the telltale signs of the old horror it was built to prevent , dark images flowed through its head .

Tokens:
[Text=As CharacterOffsetBegin=677 CharacterOffsetEnd=679]
[Text=it CharacterOffsetBegin=680 CharacterOffsetEnd=682]
[Text=analyzed CharacterOffsetBegin=683 CharacterOffsetEnd=691]
[Text=the CharacterOffsetBegin=692 CharacterOffsetEnd=695]
[Text=pattern CharacterOffsetBegin=696 CharacterOffsetEnd=703]
[Text=within CharacterOffsetBegin=704 CharacterOffsetEnd=710]
[Text=, CharacterOffsetBegin=711 CharacterOffsetEnd=712]
[Text=looking CharacterOffsetBegin=713 CharacterOffsetEnd=720]
[Text=for CharacterOffsetBegin=721 CharacterOffsetEnd=724]
[Text=the CharacterOffsetBegin=725 CharacterOffsetEnd=728]
[Text=telltale CharacterOffsetBegin=729 CharacterOffsetEnd=737]
[Text=signs CharacterOffsetBegin=738 CharacterOffsetEnd=743]
[Text=of CharacterOffsetBegin=744 CharacterOffsetEnd=746]
[Text=the CharacterOffsetBegin=747 CharacterOffsetEnd=750]
[Text=old CharacterOffsetBegin=751 CharacterOffsetEnd=754]
[Text=horror CharacterOffsetBegin=755 CharacterOffsetEnd=761]
[Text=it CharacterOffsetBegin=762 CharacterOffsetEnd=764]
[Text=was CharacterOffsetBegin=765 CharacterOffsetEnd=768]
[Text=built CharacterOffsetBegin=769 CharacterOffsetEnd=774]
[Text=to CharacterOffsetBegin=775 CharacterOffsetEnd=777]
[Text=prevent CharacterOffsetBegin=778 CharacterOffsetEnd=785]
[Text=, CharacterOffsetBegin=786 CharacterOffsetEnd=787]
[Text=dark CharacterOffsetBegin=788 CharacterOffsetEnd=792]
[Text=images CharacterOffsetBegin=793 CharacterOffsetEnd=799]
[Text=flowed CharacterOffsetBegin=800 CharacterOffsetEnd=806]
[Text=through CharacterOffsetBegin=807 CharacterOffsetEnd=814]
[Text=its CharacterOffsetBegin=815 CharacterOffsetEnd=818]
[Text=head CharacterOffsetBegin=819 CharacterOffsetEnd=823]
[Text=. CharacterOffsetBegin=824 CharacterOffsetEnd=825]

Sentence #10 (18 tokens):
Entities of all kinds being slashed apart , stabbed , poisoned , burned , or eaten alive .

Tokens:
[Text=Entities CharacterOffsetBegin=826 CharacterOffsetEnd=834]
[Text=of CharacterOffsetBegin=835 CharacterOffsetEnd=837]
[Text=all CharacterOffsetBegin=838 CharacterOffsetEnd=841]
[Text=kinds CharacterOffsetBegin=842 CharacterOffsetEnd=847]
[Text=being CharacterOffsetBegin=848 CharacterOffsetEnd=853]
[Text=slashed CharacterOffsetBegin=854 CharacterOffsetEnd=861]
[Text=apart CharacterOffsetBegin=862 CharacterOffsetEnd=867]
[Text=, CharacterOffsetBegin=868 CharacterOffsetEnd=869]
[Text=stabbed CharacterOffsetBegin=870 CharacterOffsetEnd=877]
[Text=, CharacterOffsetBegin=878 CharacterOffsetEnd=879]
[Text=poisoned CharacterOffsetBegin=880 CharacterOffsetEnd=888]
[Text=, CharacterOffsetBegin=889 CharacterOffsetEnd=890]
[Text=burned CharacterOffsetBegin=891 CharacterOffsetEnd=897]
[Text=, CharacterOffsetBegin=898 CharacterOffsetEnd=899]
[Text=or CharacterOffsetBegin=900 CharacterOffsetEnd=902]
[Text=eaten CharacterOffsetBegin=903 CharacterOffsetEnd=908]
[Text=alive CharacterOffsetBegin=909 CharacterOffsetEnd=914]
[Text=. CharacterOffsetBegin=915 CharacterOffsetEnd=916]

Sentence #11 (5 tokens):
Horrible screams and smells .

Tokens:
[Text=Horrible CharacterOffsetBegin=917 CharacterOffsetEnd=925]
[Text=screams CharacterOffsetBegin=926 CharacterOffsetEnd=933]
[Text=and CharacterOffsetBegin=934 CharacterOffsetEnd=937]
[Text=smells CharacterOffsetBegin=938 CharacterOffsetEnd=944]
[Text=. CharacterOffsetBegin=945 CharacterOffsetEnd=946]

Sentence #12 (17 tokens):
Human sacrifices being skinned alive or left to be eaten by bugs from the inside out .

Tokens:
[Text=Human CharacterOffsetBegin=947 CharacterOffsetEnd=952]
[Text=sacrifices CharacterOffsetBegin=953 CharacterOffsetEnd=963]
[Text=being CharacterOffsetBegin=964 CharacterOffsetEnd=969]
[Text=skinned CharacterOffsetBegin=970 CharacterOffsetEnd=977]
[Text=alive CharacterOffsetBegin=978 CharacterOffsetEnd=983]
[Text=or CharacterOffsetBegin=984 CharacterOffsetEnd=986]
[Text=left CharacterOffsetBegin=987 CharacterOffsetEnd=991]
[Text=to CharacterOffsetBegin=992 CharacterOffsetEnd=994]
[Text=be CharacterOffsetBegin=995 CharacterOffsetEnd=997]
[Text=eaten CharacterOffsetBegin=998 CharacterOffsetEnd=1003]
[Text=by CharacterOffsetBegin=1004 CharacterOffsetEnd=1006]
[Text=bugs CharacterOffsetBegin=1007 CharacterOffsetEnd=1011]
[Text=from CharacterOffsetBegin=1012 CharacterOffsetEnd=1016]
[Text=the CharacterOffsetBegin=1017 CharacterOffsetEnd=1020]
[Text=inside CharacterOffsetBegin=1021 CharacterOffsetEnd=1027]
[Text=out CharacterOffsetBegin=1028 CharacterOffsetEnd=1031]
[Text=. CharacterOffsetBegin=1032 CharacterOffsetEnd=1033]

Sentence #13 (24 tokens):
Children beaten and forced into sexual slavery , or sliced out of their mother 's womb and eaten , or fed to beasts .

Tokens:
[Text=Children CharacterOffsetBegin=1034 CharacterOffsetEnd=1042]
[Text=beaten CharacterOffsetBegin=1043 CharacterOffsetEnd=1049]
[Text=and CharacterOffsetBegin=1050 CharacterOffsetEnd=1053]
[Text=forced CharacterOffsetBegin=1054 CharacterOffsetEnd=1060]
[Text=into CharacterOffsetBegin=1061 CharacterOffsetEnd=1065]
[Text=sexual CharacterOffsetBegin=1066 CharacterOffsetEnd=1072]
[Text=slavery CharacterOffsetBegin=1073 CharacterOffsetEnd=1080]
[Text=, CharacterOffsetBegin=1081 CharacterOffsetEnd=1082]
[Text=or CharacterOffsetBegin=1083 CharacterOffsetEnd=1085]
[Text=sliced CharacterOffsetBegin=1086 CharacterOffsetEnd=1092]
[Text=out CharacterOffsetBegin=1093 CharacterOffsetEnd=1096]
[Text=of CharacterOffsetBegin=1097 CharacterOffsetEnd=1099]
[Text=their CharacterOffsetBegin=1100 CharacterOffsetEnd=1105]
[Text=mother CharacterOffsetBegin=1106 CharacterOffsetEnd=1112]
[Text='s CharacterOffsetBegin=1113 CharacterOffsetEnd=1115]
[Text=womb CharacterOffsetBegin=1116 CharacterOffsetEnd=1120]
[Text=and CharacterOffsetBegin=1121 CharacterOffsetEnd=1124]
[Text=eaten CharacterOffsetBegin=1125 CharacterOffsetEnd=1130]
[Text=, CharacterOffsetBegin=1131 CharacterOffsetEnd=1132]
[Text=or CharacterOffsetBegin=1133 CharacterOffsetEnd=1135]
[Text=fed CharacterOffsetBegin=1136 CharacterOffsetEnd=1139]
[Text=to CharacterOffsetBegin=1140 CharacterOffsetEnd=1142]
[Text=beasts CharacterOffsetBegin=1143 CharacterOffsetEnd=1149]
[Text=. CharacterOffsetBegin=1150 CharacterOffsetEnd=1151]

Sentence #14 (17 tokens):
Men screaming as they died in gas , heads being crushed under the treads of tanks .

Tokens:
[Text=Men CharacterOffsetBegin=1152 CharacterOffsetEnd=1155]
[Text=screaming CharacterOffsetBegin=1156 CharacterOffsetEnd=1165]
[Text=as CharacterOffsetBegin=1166 CharacterOffsetEnd=1168]
[Text=they CharacterOffsetBegin=1169 CharacterOffsetEnd=1173]
[Text=died CharacterOffsetBegin=1174 CharacterOffsetEnd=1178]
[Text=in CharacterOffsetBegin=1179 CharacterOffsetEnd=1181]
[Text=gas CharacterOffsetBegin=1182 CharacterOffsetEnd=1185]
[Text=, CharacterOffsetBegin=1186 CharacterOffsetEnd=1187]
[Text=heads CharacterOffsetBegin=1188 CharacterOffsetEnd=1193]
[Text=being CharacterOffsetBegin=1194 CharacterOffsetEnd=1199]
[Text=crushed CharacterOffsetBegin=1200 CharacterOffsetEnd=1207]
[Text=under CharacterOffsetBegin=1208 CharacterOffsetEnd=1213]
[Text=the CharacterOffsetBegin=1214 CharacterOffsetEnd=1217]
[Text=treads CharacterOffsetBegin=1218 CharacterOffsetEnd=1224]
[Text=of CharacterOffsetBegin=1225 CharacterOffsetEnd=1227]
[Text=tanks CharacterOffsetBegin=1228 CharacterOffsetEnd=1233]
[Text=. CharacterOffsetBegin=1234 CharacterOffsetEnd=1235]

Sentence #15 (12 tokens):
Entire cities , stricken with cancer and covered in horrid burns .

Tokens:
[Text=Entire CharacterOffsetBegin=1236 CharacterOffsetEnd=1242]
[Text=cities CharacterOffsetBegin=1243 CharacterOffsetEnd=1249]
[Text=, CharacterOffsetBegin=1250 CharacterOffsetEnd=1251]
[Text=stricken CharacterOffsetBegin=1252 CharacterOffsetEnd=1260]
[Text=with CharacterOffsetBegin=1261 CharacterOffsetEnd=1265]
[Text=cancer CharacterOffsetBegin=1266 CharacterOffsetEnd=1272]
[Text=and CharacterOffsetBegin=1273 CharacterOffsetEnd=1276]
[Text=covered CharacterOffsetBegin=1277 CharacterOffsetEnd=1284]
[Text=in CharacterOffsetBegin=1285 CharacterOffsetEnd=1287]
[Text=horrid CharacterOffsetBegin=1288 CharacterOffsetEnd=1294]
[Text=burns CharacterOffsetBegin=1295 CharacterOffsetEnd=1300]
[Text=. CharacterOffsetBegin=1301 CharacterOffsetEnd=1302]

Sentence #16 (33 tokens):
As the sphere concluded its study of the dark pattern it had found , there was only one conclusion it could reach , and that was that it must fulfil its purpose .

Tokens:
[Text=As CharacterOffsetBegin=1306 CharacterOffsetEnd=1308]
[Text=the CharacterOffsetBegin=1309 CharacterOffsetEnd=1312]
[Text=sphere CharacterOffsetBegin=1313 CharacterOffsetEnd=1319]
[Text=concluded CharacterOffsetBegin=1320 CharacterOffsetEnd=1329]
[Text=its CharacterOffsetBegin=1330 CharacterOffsetEnd=1333]
[Text=study CharacterOffsetBegin=1334 CharacterOffsetEnd=1339]
[Text=of CharacterOffsetBegin=1340 CharacterOffsetEnd=1342]
[Text=the CharacterOffsetBegin=1343 CharacterOffsetEnd=1346]
[Text=dark CharacterOffsetBegin=1347 CharacterOffsetEnd=1351]
[Text=pattern CharacterOffsetBegin=1352 CharacterOffsetEnd=1359]
[Text=it CharacterOffsetBegin=1360 CharacterOffsetEnd=1362]
[Text=had CharacterOffsetBegin=1363 CharacterOffsetEnd=1366]
[Text=found CharacterOffsetBegin=1367 CharacterOffsetEnd=1372]
[Text=, CharacterOffsetBegin=1373 CharacterOffsetEnd=1374]
[Text=there CharacterOffsetBegin=1375 CharacterOffsetEnd=1380]
[Text=was CharacterOffsetBegin=1381 CharacterOffsetEnd=1384]
[Text=only CharacterOffsetBegin=1385 CharacterOffsetEnd=1389]
[Text=one CharacterOffsetBegin=1390 CharacterOffsetEnd=1393]
[Text=conclusion CharacterOffsetBegin=1394 CharacterOffsetEnd=1404]
[Text=it CharacterOffsetBegin=1405 CharacterOffsetEnd=1407]
[Text=could CharacterOffsetBegin=1408 CharacterOffsetEnd=1413]
[Text=reach CharacterOffsetBegin=1414 CharacterOffsetEnd=1419]
[Text=, CharacterOffsetBegin=1420 CharacterOffsetEnd=1421]
[Text=and CharacterOffsetBegin=1422 CharacterOffsetEnd=1425]
[Text=that CharacterOffsetBegin=1426 CharacterOffsetEnd=1430]
[Text=was CharacterOffsetBegin=1431 CharacterOffsetEnd=1434]
[Text=that CharacterOffsetBegin=1435 CharacterOffsetEnd=1439]
[Text=it CharacterOffsetBegin=1440 CharacterOffsetEnd=1442]
[Text=must CharacterOffsetBegin=1443 CharacterOffsetEnd=1447]
[Text=fulfil CharacterOffsetBegin=1448 CharacterOffsetEnd=1454]
[Text=its CharacterOffsetBegin=1455 CharacterOffsetEnd=1458]
[Text=purpose CharacterOffsetBegin=1459 CharacterOffsetEnd=1466]
[Text=. CharacterOffsetBegin=1467 CharacterOffsetEnd=1468]

Sentence #17 (5 tokens):
" Never again . "

Tokens:
[Text=" CharacterOffsetBegin=1469 CharacterOffsetEnd=1470]
[Text=Never CharacterOffsetBegin=1471 CharacterOffsetEnd=1476]
[Text=again CharacterOffsetBegin=1477 CharacterOffsetEnd=1482]
[Text=. CharacterOffsetBegin=1483 CharacterOffsetEnd=1484]
[Text=" CharacterOffsetBegin=1485 CharacterOffsetEnd=1486]

Sentence #18 (13 tokens):
The words burned across its mind as it sent out the command .

Tokens:
[Text=The CharacterOffsetBegin=1487 CharacterOffsetEnd=1490]
[Text=words CharacterOffsetBegin=1491 CharacterOffsetEnd=1496]
[Text=burned CharacterOffsetBegin=1497 CharacterOffsetEnd=1503]
[Text=across CharacterOffsetBegin=1504 CharacterOffsetEnd=1510]
[Text=its CharacterOffsetBegin=1511 CharacterOffsetEnd=1514]
[Text=mind CharacterOffsetBegin=1515 CharacterOffsetEnd=1519]
[Text=as CharacterOffsetBegin=1520 CharacterOffsetEnd=1522]
[Text=it CharacterOffsetBegin=1523 CharacterOffsetEnd=1525]
[Text=sent CharacterOffsetBegin=1526 CharacterOffsetEnd=1530]
[Text=out CharacterOffsetBegin=1531 CharacterOffsetEnd=1534]
[Text=the CharacterOffsetBegin=1535 CharacterOffsetEnd=1538]
[Text=command CharacterOffsetBegin=1539 CharacterOffsetEnd=1546]
[Text=. CharacterOffsetBegin=1547 CharacterOffsetEnd=1548]

Sentence #19 (14 tokens):
Half of the planet was consumed in fire as the nanomachines below detonated .

Tokens:
[Text=Half CharacterOffsetBegin=1549 CharacterOffsetEnd=1553]
[Text=of CharacterOffsetBegin=1554 CharacterOffsetEnd=1556]
[Text=the CharacterOffsetBegin=1557 CharacterOffsetEnd=1560]
[Text=planet CharacterOffsetBegin=1561 CharacterOffsetEnd=1567]
[Text=was CharacterOffsetBegin=1568 CharacterOffsetEnd=1571]
[Text=consumed CharacterOffsetBegin=1572 CharacterOffsetEnd=1580]
[Text=in CharacterOffsetBegin=1581 CharacterOffsetEnd=1583]
[Text=fire CharacterOffsetBegin=1584 CharacterOffsetEnd=1588]
[Text=as CharacterOffsetBegin=1589 CharacterOffsetEnd=1591]
[Text=the CharacterOffsetBegin=1592 CharacterOffsetEnd=1595]
[Text=nanomachines CharacterOffsetBegin=1596 CharacterOffsetEnd=1608]
[Text=below CharacterOffsetBegin=1609 CharacterOffsetEnd=1614]
[Text=detonated CharacterOffsetBegin=1615 CharacterOffsetEnd=1624]
[Text=. CharacterOffsetBegin=1625 CharacterOffsetEnd=1626]

Sentence #20 (10 tokens):
All traces of the abhorrent pattern would be vaporized .

Tokens:
[Text=All CharacterOffsetBegin=1627 CharacterOffsetEnd=1630]
[Text=traces CharacterOffsetBegin=1631 CharacterOffsetEnd=1637]
[Text=of CharacterOffsetBegin=1638 CharacterOffsetEnd=1640]
[Text=the CharacterOffsetBegin=1641 CharacterOffsetEnd=1644]
[Text=abhorrent CharacterOffsetBegin=1645 CharacterOffsetEnd=1654]
[Text=pattern CharacterOffsetBegin=1655 CharacterOffsetEnd=1662]
[Text=would CharacterOffsetBegin=1663 CharacterOffsetEnd=1668]
[Text=be CharacterOffsetBegin=1669 CharacterOffsetEnd=1671]
[Text=vaporized CharacterOffsetBegin=1672 CharacterOffsetEnd=1681]
[Text=. CharacterOffsetBegin=1682 CharacterOffsetEnd=1683]

Sentence #21 (24 tokens):
The sphere reported the incident to central command , asked for energy to replenish its lost nanobots , and then slept once again .

Tokens:
[Text=The CharacterOffsetBegin=1684 CharacterOffsetEnd=1687]
[Text=sphere CharacterOffsetBegin=1688 CharacterOffsetEnd=1694]
[Text=reported CharacterOffsetBegin=1695 CharacterOffsetEnd=1703]
[Text=the CharacterOffsetBegin=1704 CharacterOffsetEnd=1707]
[Text=incident CharacterOffsetBegin=1708 CharacterOffsetEnd=1716]
[Text=to CharacterOffsetBegin=1717 CharacterOffsetEnd=1719]
[Text=central CharacterOffsetBegin=1720 CharacterOffsetEnd=1727]
[Text=command CharacterOffsetBegin=1728 CharacterOffsetEnd=1735]
[Text=, CharacterOffsetBegin=1736 CharacterOffsetEnd=1737]
[Text=asked CharacterOffsetBegin=1738 CharacterOffsetEnd=1743]
[Text=for CharacterOffsetBegin=1744 CharacterOffsetEnd=1747]
[Text=energy CharacterOffsetBegin=1748 CharacterOffsetEnd=1754]
[Text=to CharacterOffsetBegin=1755 CharacterOffsetEnd=1757]
[Text=replenish CharacterOffsetBegin=1758 CharacterOffsetEnd=1767]
[Text=its CharacterOffsetBegin=1768 CharacterOffsetEnd=1771]
[Text=lost CharacterOffsetBegin=1772 CharacterOffsetEnd=1776]
[Text=nanobots CharacterOffsetBegin=1777 CharacterOffsetEnd=1785]
[Text=, CharacterOffsetBegin=1786 CharacterOffsetEnd=1787]
[Text=and CharacterOffsetBegin=1788 CharacterOffsetEnd=1791]
[Text=then CharacterOffsetBegin=1792 CharacterOffsetEnd=1796]
[Text=slept CharacterOffsetBegin=1797 CharacterOffsetEnd=1802]
[Text=once CharacterOffsetBegin=1803 CharacterOffsetEnd=1807]
[Text=again CharacterOffsetBegin=1808 CharacterOffsetEnd=1813]
[Text=. CharacterOffsetBegin=1814 CharacterOffsetEnd=1815]
